This is pdfTeX, Version 3.14159265-2.6-1.40.16 (MiKTeX 2.9) (preloaded format=latex 2015.7.23)  6 OCT 2015 17:27
entering extended mode
**Avaliation.tex
(Avaliation.tex
LaTeX2e <2015/01/01> patch level 2
Babel <3.9l> and hyphenation patterns for 69 languages loaded.
(D:\Jorg\ProgramFiles\MiKTeX\tex\latex\standalone\standalone.cls
Document Class: standalone 2015/07/15 v1.2 Class to compile TeX sub-files stand
alone
(D:\Jorg\ProgramFiles\MiKTeX\tex\generic\oberdiek\ifluatex.sty
Package: ifluatex 2010/03/01 v1.3 Provides the ifluatex switch (HO)
Package ifluatex Info: LuaTeX not detected.
)
(D:\Jorg\ProgramFiles\MiKTeX\tex\generic\oberdiek\ifpdf.sty
Package: ifpdf 2011/01/30 v2.3 Provides the ifpdf switch (HO)
Package ifpdf Info: pdfTeX in PDF mode is not detected.
)
(D:\Jorg\ProgramFiles\MiKTeX\tex\generic\ifxetex\ifxetex.sty
Package: ifxetex 2010/09/12 v0.6 Provides ifxetex conditional
)
(D:\Jorg\ProgramFiles\MiKTeX\tex\latex\xkeyval\xkeyval.sty
Package: xkeyval 2014/12/03 v2.7a package option processing (HA)

(D:\Jorg\ProgramFiles\MiKTeX\tex\generic\xkeyval\xkeyval.tex
(D:\Jorg\ProgramFiles\MiKTeX\tex\generic\xkeyval\xkvutils.tex
\XKV@toks=\toks14
\XKV@tempa@toks=\toks15

(D:\Jorg\ProgramFiles\MiKTeX\tex\generic\xkeyval\keyval.tex))
\XKV@depth=\count79
File: xkeyval.tex 2014/12/03 v2.7a key=value parser (HA)
))
\sa@internal=\count80
\c@sapage=\count81

(D:\Jorg\ProgramFiles\MiKTeX\tex\latex\standalone\standalone.cfg
File: standalone.cfg 2015/07/15 v1.2 Default configuration file for 'standalone
' class
)
(D:\Jorg\ProgramFiles\MiKTeX\tex\latex\base\article.cls
Document Class: article 2014/09/29 v1.4h Standard LaTeX document class
(D:\Jorg\ProgramFiles\MiKTeX\tex\latex\base\size10.clo
File: size10.clo 2014/09/29 v1.4h Standard LaTeX file (size option)
)
\c@part=\count82
\c@section=\count83
\c@subsection=\count84
\c@subsubsection=\count85
\c@paragraph=\count86
\c@subparagraph=\count87
\c@figure=\count88
\c@table=\count89
\abovecaptionskip=\skip41
\belowcaptionskip=\skip42
\bibindent=\dimen102
)
(D:\Jorg\ProgramFiles\MiKTeX\tex\latex\pgf\frontendlayer\tikz.sty
(D:\Jorg\ProgramFiles\MiKTeX\tex\latex\pgf\basiclayer\pgf.sty
(D:\Jorg\ProgramFiles\MiKTeX\tex\latex\pgf\utilities\pgfrcs.sty
(D:\Jorg\ProgramFiles\MiKTeX\tex\generic\pgf\utilities\pgfutil-common.tex
\pgfutil@everybye=\toks16
\pgfutil@tempdima=\dimen103
\pgfutil@tempdimb=\dimen104

(D:\Jorg\ProgramFiles\MiKTeX\tex\generic\pgf\utilities\pgfutil-common-lists.tex
)) (D:\Jorg\ProgramFiles\MiKTeX\tex\generic\pgf\utilities\pgfutil-latex.def
\pgfutil@abb=\box26

(D:\Jorg\ProgramFiles\MiKTeX\tex\latex\ms\everyshi.sty
Package: everyshi 2001/05/15 v3.00 EveryShipout Package (MS)
))
(D:\Jorg\ProgramFiles\MiKTeX\tex\generic\pgf\utilities\pgfrcs.code.tex
Package: pgfrcs 2013/12/20 v3.0.0 (rcs-revision 1.28)
))
Package: pgf 2013/12/18 v3.0.0 (rcs-revision 1.14)

(D:\Jorg\ProgramFiles\MiKTeX\tex\latex\pgf\basiclayer\pgfcore.sty
(D:\Jorg\ProgramFiles\MiKTeX\tex\latex\graphics\graphicx.sty
Package: graphicx 2014/10/28 v1.0g Enhanced LaTeX Graphics (DPC,SPQR)

(D:\Jorg\ProgramFiles\MiKTeX\tex\latex\graphics\graphics.sty
Package: graphics 2014/10/28 v1.0p Standard LaTeX Graphics (DPC,SPQR)

(D:\Jorg\ProgramFiles\MiKTeX\tex\latex\graphics\trig.sty
Package: trig 1999/03/16 v1.09 sin cos tan (DPC)
)
(D:\Jorg\ProgramFiles\MiKTeX\tex\latex\00miktex\graphics.cfg
File: graphics.cfg 2007/01/18 v1.5 graphics configuration of teTeX/TeXLive
)
Package graphics Info: Driver file: dvips.def on input line 94.

(D:\Jorg\ProgramFiles\MiKTeX\tex\latex\graphics\dvips.def
File: dvips.def 2014/10/14 v3.0j Driver-dependent file (DPC,SPQR)
))
\Gin@req@height=\dimen105
\Gin@req@width=\dimen106
)
(D:\Jorg\ProgramFiles\MiKTeX\tex\latex\pgf\systemlayer\pgfsys.sty
(D:\Jorg\ProgramFiles\MiKTeX\tex\generic\pgf\systemlayer\pgfsys.code.tex
Package: pgfsys 2013/11/30 v3.0.0 (rcs-revision 1.47)

(D:\Jorg\ProgramFiles\MiKTeX\tex\generic\pgf\utilities\pgfkeys.code.tex
\pgfkeys@pathtoks=\toks17
\pgfkeys@temptoks=\toks18

(D:\Jorg\ProgramFiles\MiKTeX\tex\generic\pgf\utilities\pgfkeysfiltered.code.tex
\pgfkeys@tmptoks=\toks19
))
\pgf@x=\dimen107
\pgf@y=\dimen108
\pgf@xa=\dimen109
\pgf@ya=\dimen110
\pgf@xb=\dimen111
\pgf@yb=\dimen112
\pgf@xc=\dimen113
\pgf@yc=\dimen114
\w@pgf@writea=\write3
\r@pgf@reada=\read1
\c@pgf@counta=\count90
\c@pgf@countb=\count91
\c@pgf@countc=\count92
\c@pgf@countd=\count93
\t@pgf@toka=\toks20
\t@pgf@tokb=\toks21
\t@pgf@tokc=\toks22
 (D:\Jorg\ProgramFiles\MiKTeX\tex\generic\pgf\systemlayer\pgf.cfg
File: pgf.cfg 2008/05/14  (rcs-revision 1.7)
)
Driver file for pgf: pgfsys-dvips.def

(D:\Jorg\ProgramFiles\MiKTeX\tex\generic\pgf\systemlayer\pgfsys-dvips.def
File: pgfsys-dvips.def 2013/07/16  (rcs-revision 1.23)

(D:\Jorg\ProgramFiles\MiKTeX\tex\generic\pgf\systemlayer\pgfsys-common-postscri
pt.def
File: pgfsys-common-postscript.def 2008/10/01  (rcs-revision 1.22)
\pgf@objectcount=\count94
)))
(D:\Jorg\ProgramFiles\MiKTeX\tex\generic\pgf\systemlayer\pgfsyssoftpath.code.te
x
File: pgfsyssoftpath.code.tex 2013/09/09  (rcs-revision 1.9)
\pgfsyssoftpath@smallbuffer@items=\count95
\pgfsyssoftpath@bigbuffer@items=\count96
)
(D:\Jorg\ProgramFiles\MiKTeX\tex\generic\pgf\systemlayer\pgfsysprotocol.code.te
x
File: pgfsysprotocol.code.tex 2006/10/16  (rcs-revision 1.4)
)) (D:\Jorg\ProgramFiles\MiKTeX\tex\latex\xcolor\xcolor.sty
Package: xcolor 2007/01/21 v2.11 LaTeX color extensions (UK)

(D:\Jorg\ProgramFiles\MiKTeX\tex\latex\00miktex\color.cfg
File: color.cfg 2007/01/18 v1.5 color configuration of teTeX/TeXLive
)
Package xcolor Info: Driver file: dvips.def on input line 225.
Package xcolor Info: Model `cmy' substituted by `cmy0' on input line 1337.
Package xcolor Info: Model `RGB' extended on input line 1353.
Package xcolor Info: Model `HTML' substituted by `rgb' on input line 1355.
Package xcolor Info: Model `Hsb' substituted by `hsb' on input line 1356.
Package xcolor Info: Model `tHsb' substituted by `hsb' on input line 1357.
Package xcolor Info: Model `HSB' substituted by `hsb' on input line 1358.
Package xcolor Info: Model `Gray' substituted by `gray' on input line 1359.
Package xcolor Info: Model `wave' substituted by `hsb' on input line 1360.
)
(D:\Jorg\ProgramFiles\MiKTeX\tex\generic\pgf\basiclayer\pgfcore.code.tex
Package: pgfcore 2010/04/11 v3.0.0 (rcs-revision 1.7)

(D:\Jorg\ProgramFiles\MiKTeX\tex\generic\pgf\math\pgfmath.code.tex
(D:\Jorg\ProgramFiles\MiKTeX\tex\generic\pgf\math\pgfmathcalc.code.tex
(D:\Jorg\ProgramFiles\MiKTeX\tex\generic\pgf\math\pgfmathutil.code.tex)
(D:\Jorg\ProgramFiles\MiKTeX\tex\generic\pgf\math\pgfmathparser.code.tex
\pgfmath@dimen=\dimen115
\pgfmath@count=\count97
\pgfmath@box=\box27
\pgfmath@toks=\toks23
\pgfmath@stack@operand=\toks24
\pgfmath@stack@operation=\toks25
)
(D:\Jorg\ProgramFiles\MiKTeX\tex\generic\pgf\math\pgfmathfunctions.code.tex
(D:\Jorg\ProgramFiles\MiKTeX\tex\generic\pgf\math\pgfmathfunctions.basic.code.t
ex)
(D:\Jorg\ProgramFiles\MiKTeX\tex\generic\pgf\math\pgfmathfunctions.trigonometri
c.code.tex)
(D:\Jorg\ProgramFiles\MiKTeX\tex\generic\pgf\math\pgfmathfunctions.random.code.
tex)
(D:\Jorg\ProgramFiles\MiKTeX\tex\generic\pgf\math\pgfmathfunctions.comparison.c
ode.tex)
(D:\Jorg\ProgramFiles\MiKTeX\tex\generic\pgf\math\pgfmathfunctions.base.code.te
x)
(D:\Jorg\ProgramFiles\MiKTeX\tex\generic\pgf\math\pgfmathfunctions.round.code.t
ex)
(D:\Jorg\ProgramFiles\MiKTeX\tex\generic\pgf\math\pgfmathfunctions.misc.code.te
x)
(D:\Jorg\ProgramFiles\MiKTeX\tex\generic\pgf\math\pgfmathfunctions.integerarith
metics.code.tex)))
(D:\Jorg\ProgramFiles\MiKTeX\tex\generic\pgf\math\pgfmathfloat.code.tex
\c@pgfmathroundto@lastzeros=\count98
))
(D:\Jorg\ProgramFiles\MiKTeX\tex\generic\pgf\basiclayer\pgfcorepoints.code.tex
File: pgfcorepoints.code.tex 2013/10/07  (rcs-revision 1.27)
\pgf@picminx=\dimen116
\pgf@picmaxx=\dimen117
\pgf@picminy=\dimen118
\pgf@picmaxy=\dimen119
\pgf@pathminx=\dimen120
\pgf@pathmaxx=\dimen121
\pgf@pathminy=\dimen122
\pgf@pathmaxy=\dimen123
\pgf@xx=\dimen124
\pgf@xy=\dimen125
\pgf@yx=\dimen126
\pgf@yy=\dimen127
\pgf@zx=\dimen128
\pgf@zy=\dimen129
)
(D:\Jorg\ProgramFiles\MiKTeX\tex\generic\pgf\basiclayer\pgfcorepathconstruct.co
de.tex
File: pgfcorepathconstruct.code.tex 2013/10/07  (rcs-revision 1.29)
\pgf@path@lastx=\dimen130
\pgf@path@lasty=\dimen131
)
(D:\Jorg\ProgramFiles\MiKTeX\tex\generic\pgf\basiclayer\pgfcorepathusage.code.t
ex
File: pgfcorepathusage.code.tex 2013/12/13  (rcs-revision 1.23)
\pgf@shorten@end@additional=\dimen132
\pgf@shorten@start@additional=\dimen133
)
(D:\Jorg\ProgramFiles\MiKTeX\tex\generic\pgf\basiclayer\pgfcorescopes.code.tex
File: pgfcorescopes.code.tex 2013/10/09  (rcs-revision 1.44)
\pgfpic=\box28
\pgf@hbox=\box29
\pgf@layerbox@main=\box30
\pgf@picture@serial@count=\count99
)
(D:\Jorg\ProgramFiles\MiKTeX\tex\generic\pgf\basiclayer\pgfcoregraphicstate.cod
e.tex
File: pgfcoregraphicstate.code.tex 2013/09/19  (rcs-revision 1.11)
\pgflinewidth=\dimen134
)
(D:\Jorg\ProgramFiles\MiKTeX\tex\generic\pgf\basiclayer\pgfcoretransformations.
code.tex
File: pgfcoretransformations.code.tex 2013/10/10  (rcs-revision 1.17)
\pgf@pt@x=\dimen135
\pgf@pt@y=\dimen136
\pgf@pt@temp=\dimen137
)
(D:\Jorg\ProgramFiles\MiKTeX\tex\generic\pgf\basiclayer\pgfcorequick.code.tex
File: pgfcorequick.code.tex 2008/10/09  (rcs-revision 1.3)
)
(D:\Jorg\ProgramFiles\MiKTeX\tex\generic\pgf\basiclayer\pgfcoreobjects.code.tex
File: pgfcoreobjects.code.tex 2006/10/11  (rcs-revision 1.2)
)
(D:\Jorg\ProgramFiles\MiKTeX\tex\generic\pgf\basiclayer\pgfcorepathprocessing.c
ode.tex
File: pgfcorepathprocessing.code.tex 2013/09/09  (rcs-revision 1.9)
)
(D:\Jorg\ProgramFiles\MiKTeX\tex\generic\pgf\basiclayer\pgfcorearrows.code.tex
File: pgfcorearrows.code.tex 2013/11/07  (rcs-revision 1.40)
\pgfarrowsep=\dimen138
) (D:\Jorg\ProgramFiles\MiKTeX\tex\generic\pgf\basiclayer\pgfcoreshade.code.tex
File: pgfcoreshade.code.tex 2013/07/15  (rcs-revision 1.15)
\pgf@max=\dimen139
\pgf@sys@shading@range@num=\count100
) (D:\Jorg\ProgramFiles\MiKTeX\tex\generic\pgf\basiclayer\pgfcoreimage.code.tex
File: pgfcoreimage.code.tex 2013/07/15  (rcs-revision 1.18)

(D:\Jorg\ProgramFiles\MiKTeX\tex\generic\pgf\basiclayer\pgfcoreexternal.code.te
x
File: pgfcoreexternal.code.tex 2013/07/15  (rcs-revision 1.20)
\pgfexternal@startupbox=\box31
))
(D:\Jorg\ProgramFiles\MiKTeX\tex\generic\pgf\basiclayer\pgfcorelayers.code.tex
File: pgfcorelayers.code.tex 2013/07/18  (rcs-revision 1.7)
)
(D:\Jorg\ProgramFiles\MiKTeX\tex\generic\pgf\basiclayer\pgfcoretransparency.cod
e.tex
File: pgfcoretransparency.code.tex 2013/09/30  (rcs-revision 1.5)
)
(D:\Jorg\ProgramFiles\MiKTeX\tex\generic\pgf\basiclayer\pgfcorepatterns.code.te
x
File: pgfcorepatterns.code.tex 2013/11/07  (rcs-revision 1.5)
)))
(D:\Jorg\ProgramFiles\MiKTeX\tex\generic\pgf\modules\pgfmoduleshapes.code.tex
File: pgfmoduleshapes.code.tex 2013/10/31  (rcs-revision 1.34)
\pgfnodeparttextbox=\box32
)
(D:\Jorg\ProgramFiles\MiKTeX\tex\generic\pgf\modules\pgfmoduleplot.code.tex
File: pgfmoduleplot.code.tex 2013/07/31  (rcs-revision 1.12)
)
(D:\Jorg\ProgramFiles\MiKTeX\tex\latex\pgf\compatibility\pgfcomp-version-0-65.s
ty
Package: pgfcomp-version-0-65 2007/07/03 v3.0.0 (rcs-revision 1.7)
\pgf@nodesepstart=\dimen140
\pgf@nodesepend=\dimen141
)
(D:\Jorg\ProgramFiles\MiKTeX\tex\latex\pgf\compatibility\pgfcomp-version-1-18.s
ty
Package: pgfcomp-version-1-18 2007/07/23 v3.0.0 (rcs-revision 1.1)
)) (D:\Jorg\ProgramFiles\MiKTeX\tex\latex\pgf\utilities\pgffor.sty
(D:\Jorg\ProgramFiles\MiKTeX\tex\latex\pgf\utilities\pgfkeys.sty
(D:\Jorg\ProgramFiles\MiKTeX\tex\generic\pgf\utilities\pgfkeys.code.tex))
(D:\Jorg\ProgramFiles\MiKTeX\tex\latex\pgf\math\pgfmath.sty
(D:\Jorg\ProgramFiles\MiKTeX\tex\generic\pgf\math\pgfmath.code.tex))
(D:\Jorg\ProgramFiles\MiKTeX\tex\generic\pgf\utilities\pgffor.code.tex
Package: pgffor 2013/12/13 v3.0.0 (rcs-revision 1.25)

(D:\Jorg\ProgramFiles\MiKTeX\tex\generic\pgf\math\pgfmath.code.tex)
\pgffor@iter=\dimen142
\pgffor@skip=\dimen143
\pgffor@stack=\toks26
\pgffor@toks=\toks27
))
(D:\Jorg\ProgramFiles\MiKTeX\tex\generic\pgf\frontendlayer\tikz\tikz.code.tex
Package: tikz 2013/12/13 v3.0.0 (rcs-revision 1.142)

(D:\Jorg\ProgramFiles\MiKTeX\tex\generic\pgf\libraries\pgflibraryplothandlers.c
ode.tex
File: pgflibraryplothandlers.code.tex 2013/08/31 v3.0.0 (rcs-revision 1.20)
\pgf@plot@mark@count=\count101
\pgfplotmarksize=\dimen144
)
\tikz@lastx=\dimen145
\tikz@lasty=\dimen146
\tikz@lastxsaved=\dimen147
\tikz@lastysaved=\dimen148
\tikzleveldistance=\dimen149
\tikzsiblingdistance=\dimen150
\tikz@figbox=\box33
\tikz@figbox@bg=\box34
\tikz@tempbox=\box35
\tikz@tempbox@bg=\box36
\tikztreelevel=\count102
\tikznumberofchildren=\count103
\tikznumberofcurrentchild=\count104
\tikz@fig@count=\count105

(D:\Jorg\ProgramFiles\MiKTeX\tex\generic\pgf\modules\pgfmodulematrix.code.tex
File: pgfmodulematrix.code.tex 2013/09/17  (rcs-revision 1.8)
\pgfmatrixcurrentrow=\count106
\pgfmatrixcurrentcolumn=\count107
\pgf@matrix@numberofcolumns=\count108
)
\tikz@expandcount=\count109

(D:\Jorg\ProgramFiles\MiKTeX\tex\generic\pgf\frontendlayer\tikz\libraries\tikzl
ibrarytopaths.code.tex
File: tikzlibrarytopaths.code.tex 2008/06/17 v3.0.0 (rcs-revision 1.2)
)))
\sa@box=\box37
\sa@yoffset=\skip43
)
(D:\Jorg\ProgramFiles\MiKTeX\tex\latex\base\inputenc.sty
Package: inputenc 2015/03/17 v1.2c Input encoding file
\inpenc@prehook=\toks28
\inpenc@posthook=\toks29

(D:\Jorg\ProgramFiles\MiKTeX\tex\latex\base\latin9.def
File: latin9.def 2015/03/17 v1.2c Input encoding file
))
(D:\Jorg\ProgramFiles\MiKTeX\tex\generic\pgf\frontendlayer\tikz\libraries\tikzl
ibraryautomata.code.tex
File: tikzlibraryautomata.code.tex 2008/07/14 v3.0.0 (rcs-revision 1.3)

(D:\Jorg\ProgramFiles\MiKTeX\tex\generic\pgf\frontendlayer\tikz\libraries\tikzl
ibraryshapes.multipart.code.tex
File: tikzlibraryshapes.multipart.code.tex 2008/01/09 v3.0.0 (rcs-revision 1.1)


(D:\Jorg\ProgramFiles\MiKTeX\tex\generic\pgf\libraries\shapes\pgflibraryshapes.
multipart.code.tex
File: pgflibraryshapes.multipart.code.tex 2010/01/07 v3.0.0 (rcs-revision 1.2)
\pgfnodepartlowerbox=\box38
\pgfnodeparttwobox=\box39
\pgfnodepartthreebox=\box40
\pgfnodepartfourbox=\box41
\pgfnodeparttwentybox=\box42
\pgfnodepartnineteenbox=\box43
\pgfnodeparteighteenbox=\box44
\pgfnodepartseventeenbox=\box45
\pgfnodepartsixteenbox=\box46
\pgfnodepartfifteenbox=\box47
\pgfnodepartfourteenbox=\box48
\pgfnodepartthirteenbox=\box49
\pgfnodeparttwelvebox=\box50
\pgfnodepartelevenbox=\box51
\pgfnodeparttenbox=\box52
\pgfnodepartninebox=\box53
\pgfnodeparteightbox=\box54
\pgfnodepartsevenbox=\box55
\pgfnodepartsixbox=\box56
\pgfnodepartfivebox=\box57
)))
(D:\Jorg\ProgramFiles\MiKTeX\tex\generic\pgf\frontendlayer\tikz\libraries\tikzl
ibrarypositioning.code.tex
File: tikzlibrarypositioning.code.tex 2008/10/06 v3.0.0 (rcs-revision 1.7)
) (Avaliation.aux)
LaTeX Font Info:    Checking defaults for OML/cmm/m/it on input line 5.
LaTeX Font Info:    ... okay on input line 5.
LaTeX Font Info:    Checking defaults for T1/cmr/m/n on input line 5.
LaTeX Font Info:    ... okay on input line 5.
LaTeX Font Info:    Checking defaults for OT1/cmr/m/n on input line 5.
LaTeX Font Info:    ... okay on input line 5.
LaTeX Font Info:    Checking defaults for OMS/cmsy/m/n on input line 5.
LaTeX Font Info:    ... okay on input line 5.
LaTeX Font Info:    Checking defaults for OMX/cmex/m/n on input line 5.
LaTeX Font Info:    ... okay on input line 5.
LaTeX Font Info:    Checking defaults for U/cmr/m/n on input line 5.
LaTeX Font Info:    ... okay on input line 5.

ABD: EveryShipout initializing macros [1

] (Avaliation.aux) ) 
Here is how much of TeX's memory you used:
 11410 strings out of 493676
 244531 string characters out of 3144038
 288917 words of memory out of 3000000
 14570 multiletter control sequences out of 15000+200000
 4562 words of font info for 17 fonts, out of 3000000 for 9000
 1025 hyphenation exceptions out of 8191
 62i,6n,66p,425b,613s stack positions out of 5000i,500n,10000p,200000b,50000s

Output written on Avaliation.dvi (1 page, 6732 bytes).
